avr. 21, 2023 10:52:48 PM Gaufre main
INFOS: Nouvelle partie
avr. 21, 2023 10:52:53 PM Modele.Niveau <init>
INFOS: nouvelle partie de taille 10 par 10
avr. 21, 2023 10:52:57 PM Modele.Niveau jouer
INFOS: coup en 9,9
avr. 21, 2023 10:52:57 PM Modele.Niveau <init>
INFOS: nouvelle partie de taille 10 par 10
avr. 21, 2023 10:52:57 PM Modele.Niveau <init>
INFOS: nouvelle partie de taille 10 par 10
avr. 21, 2023 10:52:59 PM Modele.Niveau <init>
INFOS: nouvelle partie de taille 10 par 10
avr. 23, 2023 6:23:30 PM java.util.logging.LogManager$RootLogger log
INFOS: Nouvelle partie
avr. 23, 2023 6:23:41 PM java.util.logging.LogManager$RootLogger log
INFOS: nouvelle partie de taille 10 par 10
avr. 23, 2023 6:23:49 PM java.util.logging.LogManager$RootLogger log
INFOS: coup en 9,9
avr. 23, 2023 6:23:52 PM java.util.logging.LogManager$RootLogger log
INFOS: coup en 8,8
avr. 23, 2023 6:23:56 PM java.util.logging.LogManager$RootLogger log
INFOS: coup en 7,7
avr. 23, 2023 6:34:26 PM java.util.logging.LogManager$RootLogger log
INFOS: Nouvelle partie
avr. 23, 2023 6:34:29 PM java.util.logging.LogManager$RootLogger log
INFOS: nouvelle partie de taille 10 par 10
avr. 23, 2023 6:35:45 PM java.util.logging.LogManager$RootLogger log
INFOS: Nouvelle partie
avr. 23, 2023 6:35:48 PM java.util.logging.LogManager$RootLogger log
INFOS: nouvelle partie de taille 10 par 10
avr. 23, 2023 6:35:58 PM java.util.logging.LogManager$RootLogger log
INFOS: coup en 9,9
avr. 23, 2023 6:35:58 PM java.util.logging.LogManager$RootLogger log
INFOS: nouvelle partie de taille 10 par 10
avr. 23, 2023 6:35:58 PM java.util.logging.LogManager$RootLogger log
INFOS: nouvelle partie de taille 10 par 10
avr. 23, 2023 6:36:04 PM java.util.logging.LogManager$RootLogger log
INFOS: coup en 8,8
avr. 23, 2023 6:36:04 PM java.util.logging.LogManager$RootLogger log
INFOS: nouvelle partie de taille 10 par 10
avr. 23, 2023 6:36:04 PM java.util.logging.LogManager$RootLogger log
INFOS: nouvelle partie de taille 10 par 10
avr. 23, 2023 6:36:19 PM java.util.logging.LogManager$RootLogger log
INFOS: coup en 7,7
avr. 23, 2023 6:36:19 PM java.util.logging.LogManager$RootLogger log
INFOS: nouvelle partie de taille 10 par 10
avr. 23, 2023 6:36:19 PM java.util.logging.LogManager$RootLogger log
INFOS: nouvelle partie de taille 10 par 10
avr. 23, 2023 6:36:22 PM java.util.logging.LogManager$RootLogger log
INFOS: nouvelle partie de taille 10 par 10
avr. 23, 2023 6:36:30 PM java.util.logging.LogManager$RootLogger log
INFOS: coup en 7,7
avr. 23, 2023 6:37:16 PM java.util.logging.LogManager$RootLogger log
INFOS: Nouvelle partie
avr. 23, 2023 6:37:18 PM java.util.logging.LogManager$RootLogger log
INFOS: nouvelle partie de taille 10 par 10
avr. 23, 2023 6:37:27 PM java.util.logging.LogManager$RootLogger log
INFOS: coup en 9,9
avr. 23, 2023 6:37:27 PM java.util.logging.LogManager$RootLogger log
INFOS: nouvelle partie de taille 10 par 10
avr. 23, 2023 6:37:27 PM java.util.logging.LogManager$RootLogger log
INFOS: nouvelle partie de taille 10 par 10
avr. 23, 2023 6:37:31 PM java.util.logging.LogManager$RootLogger log
INFOS: coup en 8,8
avr. 23, 2023 6:37:31 PM java.util.logging.LogManager$RootLogger log
INFOS: nouvelle partie de taille 10 par 10
avr. 23, 2023 6:37:31 PM java.util.logging.LogManager$RootLogger log
INFOS: nouvelle partie de taille 10 par 10
avr. 23, 2023 6:37:33 PM java.util.logging.LogManager$RootLogger log
INFOS: nouvelle partie de taille 10 par 10
avr. 23, 2023 6:37:39 PM java.util.logging.LogManager$RootLogger log
INFOS: coup en 8,8
avr. 23, 2023 6:39:22 PM java.util.logging.LogManager$RootLogger log
INFOS: Nouvelle partie
avr. 23, 2023 6:39:25 PM java.util.logging.LogManager$RootLogger log
INFOS: nouvelle partie de taille 10 par 10
avr. 23, 2023 6:39:35 PM java.util.logging.LogManager$RootLogger log
INFOS: coup en 9,9
avr. 23, 2023 6:39:35 PM java.util.logging.LogManager$RootLogger log
INFOS: nouvelle partie de taille 10 par 10
avr. 23, 2023 6:39:35 PM java.util.logging.LogManager$RootLogger log
INFOS: nouvelle partie de taille 10 par 10
avr. 23, 2023 6:39:39 PM java.util.logging.LogManager$RootLogger log
INFOS: coup en 8,8
avr. 23, 2023 6:39:39 PM java.util.logging.LogManager$RootLogger log
INFOS: nouvelle partie de taille 10 par 10
avr. 23, 2023 6:39:39 PM java.util.logging.LogManager$RootLogger log
INFOS: nouvelle partie de taille 10 par 10
avr. 23, 2023 6:39:42 PM java.util.logging.LogManager$RootLogger log
INFOS: nouvelle partie de taille 10 par 10
avr. 23, 2023 6:39:48 PM java.util.logging.LogManager$RootLogger log
INFOS: coup en 8,8
